<?xml version="1.0" encoding="UTF-8"?>
<testsuite xmlns:xsi="http://www.w3.org/2001/XMLSchema-instance" xsi:noNamespaceSchemaLocation="https://maven.apache.org/surefire/maven-surefire-plugin/xsd/surefire-test-report.xsd" name="com.gcp.springboot.inventorymanagement.InventorymanagementApplicationTests" time="13.159" tests="1" errors="0" skipped="0" failures="0">
  <properties>
    <property name="java.specification.version" value="17"/>
    <property name="sun.jnu.encoding" value="UTF-8"/>
    <property name="java.class.path" value="/home/monishagovindharaj123/InventoryManagement/target/test-classes:/home/monishagovindharaj123/InventoryManagement/target/classes:/home/monishagovindharaj123/.m2/repository/org/springframework/boot/spring-boot-starter-data-rest/2.2.6.RELEASE/spring-boot-starter-data-rest-2.2.6.RELEASE.jar:/home/monishagovindharaj123/.m2/repository/org/springframework/boot/spring-boot-starter-web/2.2.6.RELEASE/spring-boot-starter-web-2.2.6.RELEASE.jar:/home/monishagovindharaj123/.m2/repository/org/springframework/boot/spring-boot-starter-json/2.2.6.RELEASE/spring-boot-starter-json-2.2.6.RELEASE.jar:/home/monishagovindharaj123/.m2/repository/com/fasterxml/jackson/datatype/jackson-datatype-jdk8/2.10.3/jackson-datatype-jdk8-2.10.3.jar:/home/monishagovindharaj123/.m2/repository/com/fasterxml/jackson/datatype/jackson-datatype-jsr310/2.10.3/jackson-datatype-jsr310-2.10.3.jar:/home/monishagovindharaj123/.m2/repository/com/fasterxml/jackson/module/jackson-module-parameter-names/2.10.3/jackson-module-parameter-names-2.10.3.jar:/home/monishagovindharaj123/.m2/repository/org/springframework/boot/spring-boot-starter-tomcat/2.2.6.RELEASE/spring-boot-starter-tomcat-2.2.6.RELEASE.jar:/home/monishagovindharaj123/.m2/repository/org/apache/tomcat/embed/tomcat-embed-core/9.0.33/tomcat-embed-core-9.0.33.jar:/home/monishagovindharaj123/.m2/repository/org/apache/tomcat/embed/tomcat-embed-el/9.0.33/tomcat-embed-el-9.0.33.jar:/home/monishagovindharaj123/.m2/repository/org/apache/tomcat/embed/tomcat-embed-websocket/9.0.33/tomcat-embed-websocket-9.0.33.jar:/home/monishagovindharaj123/.m2/repository/org/springframework/boot/spring-boot-starter-validation/2.2.6.RELEASE/spring-boot-starter-validation-2.2.6.RELEASE.jar:/home/monishagovindharaj123/.m2/repository/jakarta/validation/jakarta.validation-api/2.0.2/jakarta.validation-api-2.0.2.jar:/home/monishagovindharaj123/.m2/repository/org/hibernate/validator/hibernate-validator/6.0.18.Final/hibernate-validator-6.0.18.Final.jar:/home/monishagovindharaj123/.m2/repository/org/springframework/spring-web/5.2.5.RELEASE/spring-web-5.2.5.RELEASE.jar:/home/monishagovindharaj123/.m2/repository/org/springframework/spring-webmvc/5.2.5.RELEASE/spring-webmvc-5.2.5.RELEASE.jar:/home/monishagovindharaj123/.m2/repository/org/springframework/spring-expression/5.2.5.RELEASE/spring-expression-5.2.5.RELEASE.jar:/home/monishagovindharaj123/.m2/repository/org/springframework/data/spring-data-rest-webmvc/3.2.6.RELEASE/spring-data-rest-webmvc-3.2.6.RELEASE.jar:/home/monishagovindharaj123/.m2/repository/org/springframework/data/spring-data-rest-core/3.2.6.RELEASE/spring-data-rest-core-3.2.6.RELEASE.jar:/home/monishagovindharaj123/.m2/repository/org/springframework/hateoas/spring-hateoas/1.0.4.RELEASE/spring-hateoas-1.0.4.RELEASE.jar:/home/monishagovindharaj123/.m2/repository/org/springframework/plugin/spring-plugin-core/2.0.0.RELEASE/spring-plugin-core-2.0.0.RELEASE.jar:/home/monishagovindharaj123/.m2/repository/org/atteo/evo-inflector/1.2.2/evo-inflector-1.2.2.jar:/home/monishagovindharaj123/.m2/repository/com/fasterxml/jackson/core/jackson-databind/2.10.3/jackson-databind-2.10.3.jar:/home/monishagovindharaj123/.m2/repository/com/fasterxml/jackson/core/jackson-core/2.10.3/jackson-core-2.10.3.jar:/home/monishagovindharaj123/.m2/repository/com/fasterxml/jackson/core/jackson-annotations/2.10.3/jackson-annotations-2.10.3.jar:/home/monishagovindharaj123/.m2/repository/org/springframework/boot/spring-boot-starter-data-jpa/2.2.6.RELEASE/spring-boot-starter-data-jpa-2.2.6.RELEASE.jar:/home/monishagovindharaj123/.m2/repository/org/springframework/boot/spring-boot-starter-aop/2.2.6.RELEASE/spring-boot-starter-aop-2.2.6.RELEASE.jar:/home/monishagovindharaj123/.m2/repository/org/springframework/spring-aop/5.2.5.RELEASE/spring-aop-5.2.5.RELEASE.jar:/home/monishagovindharaj123/.m2/repository/org/aspectj/aspectjweaver/1.9.5/aspectjweaver-1.9.5.jar:/home/monishagovindharaj123/.m2/repository/org/springframework/boot/spring-boot-starter-jdbc/2.2.6.RELEASE/spring-boot-starter-jdbc-2.2.6.RELEASE.jar:/home/monishagovindharaj123/.m2/repository/com/zaxxer/HikariCP/3.4.2/HikariCP-3.4.2.jar:/home/monishagovindharaj123/.m2/repository/org/springframework/spring-jdbc/5.2.5.RELEASE/spring-jdbc-5.2.5.RELEASE.jar:/home/monishagovindharaj123/.m2/repository/jakarta/activation/jakarta.activation-api/1.2.2/jakarta.activation-api-1.2.2.jar:/home/monishagovindharaj123/.m2/repository/jakarta/persistence/jakarta.persistence-api/2.2.3/jakarta.persistence-api-2.2.3.jar:/home/monishagovindharaj123/.m2/repository/jakarta/transaction/jakarta.transaction-api/1.3.3/jakarta.transaction-api-1.3.3.jar:/home/monishagovindharaj123/.m2/repository/org/hibernate/hibernate-core/5.4.12.Final/hibernate-core-5.4.12.Final.jar:/home/monishagovindharaj123/.m2/repository/org/jboss/logging/jboss-logging/3.4.1.Final/jboss-logging-3.4.1.Final.jar:/home/monishagovindharaj123/.m2/repository/org/javassist/javassist/3.24.0-GA/javassist-3.24.0-GA.jar:/home/monishagovindharaj123/.m2/repository/net/bytebuddy/byte-buddy/1.10.8/byte-buddy-1.10.8.jar:/home/monishagovindharaj123/.m2/repository/antlr/antlr/2.7.7/antlr-2.7.7.jar:/home/monishagovindharaj123/.m2/repository/org/jboss/jandex/2.1.1.Final/jandex-2.1.1.Final.jar:/home/monishagovindharaj123/.m2/repository/com/fasterxml/classmate/1.5.1/classmate-1.5.1.jar:/home/monishagovindharaj123/.m2/repository/org/dom4j/dom4j/2.1.1/dom4j-2.1.1.jar:/home/monishagovindharaj123/.m2/repository/org/hibernate/common/hibernate-commons-annotations/5.1.0.Final/hibernate-commons-annotations-5.1.0.Final.jar:/home/monishagovindharaj123/.m2/repository/org/glassfish/jaxb/jaxb-runtime/2.3.2/jaxb-runtime-2.3.2.jar:/home/monishagovindharaj123/.m2/repository/org/glassfish/jaxb/txw2/2.3.2/txw2-2.3.2.jar:/home/monishagovindharaj123/.m2/repository/com/sun/istack/istack-commons-runtime/3.0.8/istack-commons-runtime-3.0.8.jar:/home/monishagovindharaj123/.m2/repository/org/jvnet/staxex/stax-ex/1.8.1/stax-ex-1.8.1.jar:/home/monishagovindharaj123/.m2/repository/com/sun/xml/fastinfoset/FastInfoset/1.2.16/FastInfoset-1.2.16.jar:/home/monishagovindharaj123/.m2/repository/org/springframework/data/spring-data-jpa/2.2.6.RELEASE/spring-data-jpa-2.2.6.RELEASE.jar:/home/monishagovindharaj123/.m2/repository/org/springframework/data/spring-data-commons/2.2.6.RELEASE/spring-data-commons-2.2.6.RELEASE.jar:/home/monishagovindharaj123/.m2/repository/org/springframework/spring-orm/5.2.5.RELEASE/spring-orm-5.2.5.RELEASE.jar:/home/monishagovindharaj123/.m2/repository/org/springframework/spring-context/5.2.5.RELEASE/spring-context-5.2.5.RELEASE.jar:/home/monishagovindharaj123/.m2/repository/org/springframework/spring-tx/5.2.5.RELEASE/spring-tx-5.2.5.RELEASE.jar:/home/monishagovindharaj123/.m2/repository/org/springframework/spring-beans/5.2.5.RELEASE/spring-beans-5.2.5.RELEASE.jar:/home/monishagovindharaj123/.m2/repository/org/springframework/spring-aspects/5.2.5.RELEASE/spring-aspects-5.2.5.RELEASE.jar:/home/monishagovindharaj123/.m2/repository/org/springframework/boot/spring-boot-starter-test/2.2.6.RELEASE/spring-boot-starter-test-2.2.6.RELEASE.jar:/home/monishagovindharaj123/.m2/repository/org/springframework/boot/spring-boot-starter/2.2.6.RELEASE/spring-boot-starter-2.2.6.RELEASE.jar:/home/monishagovindharaj123/.m2/repository/org/springframework/boot/spring-boot/2.2.6.RELEASE/spring-boot-2.2.6.RELEASE.jar:/home/monishagovindharaj123/.m2/repository/org/springframework/boot/spring-boot-autoconfigure/2.2.6.RELEASE/spring-boot-autoconfigure-2.2.6.RELEASE.jar:/home/monishagovindharaj123/.m2/repository/org/springframework/boot/spring-boot-starter-logging/2.2.6.RELEASE/spring-boot-starter-logging-2.2.6.RELEASE.jar:/home/monishagovindharaj123/.m2/repository/ch/qos/logback/logback-classic/1.2.3/logback-classic-1.2.3.jar:/home/monishagovindharaj123/.m2/repository/ch/qos/logback/logback-core/1.2.3/logback-core-1.2.3.jar:/home/monishagovindharaj123/.m2/repository/org/apache/logging/log4j/log4j-to-slf4j/2.12.1/log4j-to-slf4j-2.12.1.jar:/home/monishagovindharaj123/.m2/repository/org/apache/logging/log4j/log4j-api/2.12.1/log4j-api-2.12.1.jar:/home/monishagovindharaj123/.m2/repository/org/slf4j/jul-to-slf4j/1.7.30/jul-to-slf4j-1.7.30.jar:/home/monishagovindharaj123/.m2/repository/jakarta/annotation/jakarta.annotation-api/1.3.5/jakarta.annotation-api-1.3.5.jar:/home/monishagovindharaj123/.m2/repository/org/yaml/snakeyaml/1.25/snakeyaml-1.25.jar:/home/monishagovindharaj123/.m2/repository/org/springframework/boot/spring-boot-test/2.2.6.RELEASE/spring-boot-test-2.2.6.RELEASE.jar:/home/monishagovindharaj123/.m2/repository/org/springframework/boot/spring-boot-test-autoconfigure/2.2.6.RELEASE/spring-boot-test-autoconfigure-2.2.6.RELEASE.jar:/home/monishagovindharaj123/.m2/repository/com/jayway/jsonpath/json-path/2.4.0/json-path-2.4.0.jar:/home/monishagovindharaj123/.m2/repository/net/minidev/json-smart/2.3/json-smart-2.3.jar:/home/monishagovindharaj123/.m2/repository/net/minidev/accessors-smart/1.2/accessors-smart-1.2.jar:/home/monishagovindharaj123/.m2/repository/jakarta/xml/bind/jakarta.xml.bind-api/2.3.3/jakarta.xml.bind-api-2.3.3.jar:/home/monishagovindharaj123/.m2/repository/org/junit/jupiter/junit-jupiter/5.5.2/junit-jupiter-5.5.2.jar:/home/monishagovindharaj123/.m2/repository/org/junit/jupiter/junit-jupiter-api/5.5.2/junit-jupiter-api-5.5.2.jar:/home/monishagovindharaj123/.m2/repository/org/opentest4j/opentest4j/1.2.0/opentest4j-1.2.0.jar:/home/monishagovindharaj123/.m2/repository/org/junit/platform/junit-platform-commons/1.5.2/junit-platform-commons-1.5.2.jar:/home/monishagovindharaj123/.m2/repository/org/junit/jupiter/junit-jupiter-params/5.5.2/junit-jupiter-params-5.5.2.jar:/home/monishagovindharaj123/.m2/repository/org/junit/jupiter/junit-jupiter-engine/5.5.2/junit-jupiter-engine-5.5.2.jar:/home/monishagovindharaj123/.m2/repository/org/junit/vintage/junit-vintage-engine/5.5.2/junit-vintage-engine-5.5.2.jar:/home/monishagovindharaj123/.m2/repository/org/apiguardian/apiguardian-api/1.1.0/apiguardian-api-1.1.0.jar:/home/monishagovindharaj123/.m2/repository/org/junit/platform/junit-platform-engine/1.5.2/junit-platform-engine-1.5.2.jar:/home/monishagovindharaj123/.m2/repository/junit/junit/4.12/junit-4.12.jar:/home/monishagovindharaj123/.m2/repository/org/mockito/mockito-junit-jupiter/3.1.0/mockito-junit-jupiter-3.1.0.jar:/home/monishagovindharaj123/.m2/repository/org/assertj/assertj-core/3.13.2/assertj-core-3.13.2.jar:/home/monishagovindharaj123/.m2/repository/org/hamcrest/hamcrest/2.1/hamcrest-2.1.jar:/home/monishagovindharaj123/.m2/repository/org/mockito/mockito-core/3.1.0/mockito-core-3.1.0.jar:/home/monishagovindharaj123/.m2/repository/net/bytebuddy/byte-buddy-agent/1.10.8/byte-buddy-agent-1.10.8.jar:/home/monishagovindharaj123/.m2/repository/org/objenesis/objenesis/2.6/objenesis-2.6.jar:/home/monishagovindharaj123/.m2/repository/org/skyscreamer/jsonassert/1.5.0/jsonassert-1.5.0.jar:/home/monishagovindharaj123/.m2/repository/com/vaadin/external/google/android-json/0.0.20131108.vaadin1/android-json-0.0.20131108.vaadin1.jar:/home/monishagovindharaj123/.m2/repository/org/springframework/spring-core/5.2.5.RELEASE/spring-core-5.2.5.RELEASE.jar:/home/monishagovindharaj123/.m2/repository/org/springframework/spring-jcl/5.2.5.RELEASE/spring-jcl-5.2.5.RELEASE.jar:/home/monishagovindharaj123/.m2/repository/org/springframework/spring-test/5.2.5.RELEASE/spring-test-5.2.5.RELEASE.jar:/home/monishagovindharaj123/.m2/repository/org/xmlunit/xmlunit-core/2.6.4/xmlunit-core-2.6.4.jar:/home/monishagovindharaj123/.m2/repository/mysql/mysql-connector-java/8.0.19/mysql-connector-java-8.0.19.jar:/home/monishagovindharaj123/.m2/repository/org/springframework/cloud/spring-cloud-gcp-starter/1.2.8.RELEASE/spring-cloud-gcp-starter-1.2.8.RELEASE.jar:/home/monishagovindharaj123/.m2/repository/org/springframework/cloud/spring-cloud-gcp-core/1.2.8.RELEASE/spring-cloud-gcp-core-1.2.8.RELEASE.jar:/home/monishagovindharaj123/.m2/repository/com/google/cloud/google-cloud-core/1.94.0/google-cloud-core-1.94.0.jar:/home/monishagovindharaj123/.m2/repository/com/google/guava/guava/30.0-android/guava-30.0-android.jar:/home/monishagovindharaj123/.m2/repository/com/google/guava/failureaccess/1.0.1/failureaccess-1.0.1.jar:/home/monishagovindharaj123/.m2/repository/com/google/guava/listenablefuture/9999.0-empty-to-avoid-conflict-with-guava/listenablefuture-9999.0-empty-to-avoid-conflict-with-guava.jar:/home/monishagovindharaj123/.m2/repository/org/checkerframework/checker-compat-qual/2.5.5/checker-compat-qual-2.5.5.jar:/home/monishagovindharaj123/.m2/repository/com/google/errorprone/error_prone_annotations/2.3.4/error_prone_annotations-2.3.4.jar:/home/monishagovindharaj123/.m2/repository/com/google/j2objc/j2objc-annotations/1.3/j2objc-annotations-1.3.jar:/home/monishagovindharaj123/.m2/repository/com/google/api/gax/1.60.0/gax-1.60.0.jar:/home/monishagovindharaj123/.m2/repository/io/opencensus/opencensus-api/0.24.0/opencensus-api-0.24.0.jar:/home/monishagovindharaj123/.m2/repository/com/google/auto/value/auto-value-annotations/1.7.4/auto-value-annotations-1.7.4.jar:/home/monishagovindharaj123/.m2/repository/com/google/protobuf/protobuf-java-util/3.13.0/protobuf-java-util-3.13.0.jar:/home/monishagovindharaj123/.m2/repository/com/google/code/gson/gson/2.8.6/gson-2.8.6.jar:/home/monishagovindharaj123/.m2/repository/com/google/api/grpc/proto-google-common-protos/2.0.1/proto-google-common-protos-2.0.1.jar:/home/monishagovindharaj123/.m2/repository/com/google/api/grpc/proto-google-iam-v1/1.0.3/proto-google-iam-v1-1.0.3.jar:/home/monishagovindharaj123/.m2/repository/org/threeten/threetenbp/1.5.0/threetenbp-1.5.0.jar:/home/monishagovindharaj123/.m2/repository/com/google/api/api-common/1.10.1/api-common-1.10.1.jar:/home/monishagovindharaj123/.m2/repository/com/google/auth/google-auth-library-credentials/0.22.0/google-auth-library-credentials-0.22.0.jar:/home/monishagovindharaj123/.m2/repository/com/google/auth/google-auth-library-oauth2-http/0.22.0/google-auth-library-oauth2-http-0.22.0.jar:/home/monishagovindharaj123/.m2/repository/com/google/http-client/google-http-client/1.38.0/google-http-client-1.38.0.jar:/home/monishagovindharaj123/.m2/repository/org/apache/httpcomponents/httpclient/4.5.12/httpclient-4.5.12.jar:/home/monishagovindharaj123/.m2/repository/commons-codec/commons-codec/1.13/commons-codec-1.13.jar:/home/monishagovindharaj123/.m2/repository/org/apache/httpcomponents/httpcore/4.4.13/httpcore-4.4.13.jar:/home/monishagovindharaj123/.m2/repository/io/opencensus/opencensus-contrib-http-util/0.24.0/opencensus-contrib-http-util-0.24.0.jar:/home/monishagovindharaj123/.m2/repository/com/google/http-client/google-http-client-jackson2/1.38.0/google-http-client-jackson2-1.38.0.jar:/home/monishagovindharaj123/.m2/repository/com/google/protobuf/protobuf-java/3.13.0/protobuf-java-3.13.0.jar:/home/monishagovindharaj123/.m2/repository/com/google/code/findbugs/jsr305/3.0.2/jsr305-3.0.2.jar:/home/monishagovindharaj123/.m2/repository/org/springframework/cloud/spring-cloud-gcp-autoconfigure/1.2.8.RELEASE/spring-cloud-gcp-autoconfigure-1.2.8.RELEASE.jar:/home/monishagovindharaj123/.m2/repository/org/slf4j/slf4j-api/1.7.30/slf4j-api-1.7.30.jar:/home/monishagovindharaj123/.m2/repository/org/springframework/cloud/spring-cloud-gcp-starter-sql-mysql/1.2.8.RELEASE/spring-cloud-gcp-starter-sql-mysql-1.2.8.RELEASE.jar:/home/monishagovindharaj123/.m2/repository/com/google/cloud/sql/mysql-socket-factory/1.2.1/mysql-socket-factory-1.2.1.jar:/home/monishagovindharaj123/.m2/repository/com/google/cloud/sql/jdbc-socket-factory-core/1.2.1/jdbc-socket-factory-core-1.2.1.jar:/home/monishagovindharaj123/.m2/repository/com/google/apis/google-api-services-sqladmin/v1beta4-rev20210119-1.31.0/google-api-services-sqladmin-v1beta4-rev20210119-1.31.0.jar:/home/monishagovindharaj123/.m2/repository/com/google/api-client/google-api-client/1.31.1/google-api-client-1.31.1.jar:/home/monishagovindharaj123/.m2/repository/com/google/oauth-client/google-oauth-client/1.31.2/google-oauth-client-1.31.2.jar:/home/monishagovindharaj123/.m2/repository/com/google/http-client/google-http-client-apache-v2/1.38.0/google-http-client-apache-v2-1.38.0.jar:/home/monishagovindharaj123/.m2/repository/com/github/jnr/jnr-unixsocket/0.38.5/jnr-unixsocket-0.38.5.jar:/home/monishagovindharaj123/.m2/repository/com/github/jnr/jnr-ffi/2.2.1/jnr-ffi-2.2.1.jar:/home/monishagovindharaj123/.m2/repository/com/github/jnr/jffi/1.3.1/jffi-1.3.1.jar:/home/monishagovindharaj123/.m2/repository/com/github/jnr/jffi/1.3.1/jffi-1.3.1-native.jar:/home/monishagovindharaj123/.m2/repository/org/ow2/asm/asm-commons/9.0/asm-commons-9.0.jar:/home/monishagovindharaj123/.m2/repository/com/github/jnr/jnr-a64asm/1.0.0/jnr-a64asm-1.0.0.jar:/home/monishagovindharaj123/.m2/repository/com/github/jnr/jnr-x86asm/1.0.2/jnr-x86asm-1.0.2.jar:/home/monishagovindharaj123/.m2/repository/com/github/jnr/jnr-constants/0.10.1/jnr-constants-0.10.1.jar:/home/monishagovindharaj123/.m2/repository/com/github/jnr/jnr-enxio/0.32.3/jnr-enxio-0.32.3.jar:/home/monishagovindharaj123/.m2/repository/com/github/jnr/jnr-posix/3.1.4/jnr-posix-3.1.4.jar:/home/monishagovindharaj123/.m2/repository/org/ow2/asm/asm-util/9.1/asm-util-9.1.jar:/home/monishagovindharaj123/.m2/repository/org/ow2/asm/asm/9.1/asm-9.1.jar:/home/monishagovindharaj123/.m2/repository/org/ow2/asm/asm-tree/9.1/asm-tree-9.1.jar:/home/monishagovindharaj123/.m2/repository/org/ow2/asm/asm-analysis/9.1/asm-analysis-9.1.jar:/home/monishagovindharaj123/.m2/repository/org/springframework/cloud/spring-cloud-gcp-starter-secretmanager/1.2.2.RELEASE/spring-cloud-gcp-starter-secretmanager-1.2.2.RELEASE.jar:/home/monishagovindharaj123/.m2/repository/org/springframework/cloud/spring-cloud-context/2.2.2.RELEASE/spring-cloud-context-2.2.2.RELEASE.jar:/home/monishagovindharaj123/.m2/repository/org/springframework/security/spring-security-crypto/5.2.2.RELEASE/spring-security-crypto-5.2.2.RELEASE.jar:/home/monishagovindharaj123/.m2/repository/org/springframework/cloud/spring-cloud-gcp-secretmanager/1.2.2.RELEASE/spring-cloud-gcp-secretmanager-1.2.2.RELEASE.jar:/home/monishagovindharaj123/.m2/repository/com/google/cloud/google-cloud-secretmanager/0.2.1/google-cloud-secretmanager-0.2.1.jar:/home/monishagovindharaj123/.m2/repository/io/grpc/grpc-api/1.27.0/grpc-api-1.27.0.jar:/home/monishagovindharaj123/.m2/repository/io/grpc/grpc-context/1.27.0/grpc-context-1.27.0.jar:/home/monishagovindharaj123/.m2/repository/org/codehaus/mojo/animal-sniffer-annotations/1.18/animal-sniffer-annotations-1.18.jar:/home/monishagovindharaj123/.m2/repository/io/grpc/grpc-stub/1.27.0/grpc-stub-1.27.0.jar:/home/monishagovindharaj123/.m2/repository/io/grpc/grpc-protobuf/1.27.0/grpc-protobuf-1.27.0.jar:/home/monishagovindharaj123/.m2/repository/io/grpc/grpc-protobuf-lite/1.27.0/grpc-protobuf-lite-1.27.0.jar:/home/monishagovindharaj123/.m2/repository/com/google/api/grpc/proto-google-cloud-secretmanager-v1beta1/0.2.1/proto-google-cloud-secretmanager-v1beta1-0.2.1.jar:/home/monishagovindharaj123/.m2/repository/com/google/api/gax-grpc/1.53.1/gax-grpc-1.53.1.jar:/home/monishagovindharaj123/.m2/repository/io/grpc/grpc-auth/1.27.0/grpc-auth-1.27.0.jar:/home/monishagovindharaj123/.m2/repository/io/grpc/grpc-netty-shaded/1.27.0/grpc-netty-shaded-1.27.0.jar:/home/monishagovindharaj123/.m2/repository/io/grpc/grpc-core/1.27.0/grpc-core-1.27.0.jar:/home/monishagovindharaj123/.m2/repository/com/google/android/annotations/4.1.1.4/annotations-4.1.1.4.jar:/home/monishagovindharaj123/.m2/repository/io/perfmark/perfmark-api/0.19.0/perfmark-api-0.19.0.jar:/home/monishagovindharaj123/.m2/repository/io/grpc/grpc-alts/1.27.0/grpc-alts-1.27.0.jar:/home/monishagovindharaj123/.m2/repository/io/grpc/grpc-grpclb/1.27.0/grpc-grpclb-1.27.0.jar:/home/monishagovindharaj123/.m2/repository/org/apache/commons/commons-lang3/3.9/commons-lang3-3.9.jar:/home/monishagovindharaj123/.m2/repository/org/conscrypt/conscrypt-openjdk-uber/2.2.1/conscrypt-openjdk-uber-2.2.1.jar:/home/monishagovindharaj123/.m2/repository/javax/annotation/javax.annotation-api/1.3.2/javax.annotation-api-1.3.2.jar:"/>
    <property name="java.vm.vendor" value="Debian"/>
    <property name="sun.arch.data.model" value="64"/>
    <property name="java.vendor.url" value="https://tracker.debian.org/openjdk-17"/>
    <property name="os.name" value="Linux"/>
    <property name="java.vm.specification.version" value="17"/>
    <property name="sun.java.launcher" value="SUN_STANDARD"/>
    <property name="user.country" value="US"/>
    <property name="sun.boot.library.path" value="/usr/lib/jvm/java-17-openjdk-amd64/lib"/>
    <property name="sun.java.command" value="/home/monishagovindharaj123/InventoryManagement/target/surefire/surefirebooter3378453568249145323.jar /home/monishagovindharaj123/InventoryManagement/target/surefire 2024-04-01T05-53-35_959-jvmRun1 surefire110189048972945322tmp surefire_04787988973429970869tmp"/>
    <property name="jdk.debug" value="release"/>
    <property name="surefire.test.class.path" value="/home/monishagovindharaj123/InventoryManagement/target/test-classes:/home/monishagovindharaj123/InventoryManagement/target/classes:/home/monishagovindharaj123/.m2/repository/org/springframework/boot/spring-boot-starter-data-rest/2.2.6.RELEASE/spring-boot-starter-data-rest-2.2.6.RELEASE.jar:/home/monishagovindharaj123/.m2/repository/org/springframework/boot/spring-boot-starter-web/2.2.6.RELEASE/spring-boot-starter-web-2.2.6.RELEASE.jar:/home/monishagovindharaj123/.m2/repository/org/springframework/boot/spring-boot-starter-json/2.2.6.RELEASE/spring-boot-starter-json-2.2.6.RELEASE.jar:/home/monishagovindharaj123/.m2/repository/com/fasterxml/jackson/datatype/jackson-datatype-jdk8/2.10.3/jackson-datatype-jdk8-2.10.3.jar:/home/monishagovindharaj123/.m2/repository/com/fasterxml/jackson/datatype/jackson-datatype-jsr310/2.10.3/jackson-datatype-jsr310-2.10.3.jar:/home/monishagovindharaj123/.m2/repository/com/fasterxml/jackson/module/jackson-module-parameter-names/2.10.3/jackson-module-parameter-names-2.10.3.jar:/home/monishagovindharaj123/.m2/repository/org/springframework/boot/spring-boot-starter-tomcat/2.2.6.RELEASE/spring-boot-starter-tomcat-2.2.6.RELEASE.jar:/home/monishagovindharaj123/.m2/repository/org/apache/tomcat/embed/tomcat-embed-core/9.0.33/tomcat-embed-core-9.0.33.jar:/home/monishagovindharaj123/.m2/repository/org/apache/tomcat/embed/tomcat-embed-el/9.0.33/tomcat-embed-el-9.0.33.jar:/home/monishagovindharaj123/.m2/repository/org/apache/tomcat/embed/tomcat-embed-websocket/9.0.33/tomcat-embed-websocket-9.0.33.jar:/home/monishagovindharaj123/.m2/repository/org/springframework/boot/spring-boot-starter-validation/2.2.6.RELEASE/spring-boot-starter-validation-2.2.6.RELEASE.jar:/home/monishagovindharaj123/.m2/repository/jakarta/validation/jakarta.validation-api/2.0.2/jakarta.validation-api-2.0.2.jar:/home/monishagovindharaj123/.m2/repository/org/hibernate/validator/hibernate-validator/6.0.18.Final/hibernate-validator-6.0.18.Final.jar:/home/monishagovindharaj123/.m2/repository/org/springframework/spring-web/5.2.5.RELEASE/spring-web-5.2.5.RELEASE.jar:/home/monishagovindharaj123/.m2/repository/org/springframework/spring-webmvc/5.2.5.RELEASE/spring-webmvc-5.2.5.RELEASE.jar:/home/monishagovindharaj123/.m2/repository/org/springframework/spring-expression/5.2.5.RELEASE/spring-expression-5.2.5.RELEASE.jar:/home/monishagovindharaj123/.m2/repository/org/springframework/data/spring-data-rest-webmvc/3.2.6.RELEASE/spring-data-rest-webmvc-3.2.6.RELEASE.jar:/home/monishagovindharaj123/.m2/repository/org/springframework/data/spring-data-rest-core/3.2.6.RELEASE/spring-data-rest-core-3.2.6.RELEASE.jar:/home/monishagovindharaj123/.m2/repository/org/springframework/hateoas/spring-hateoas/1.0.4.RELEASE/spring-hateoas-1.0.4.RELEASE.jar:/home/monishagovindharaj123/.m2/repository/org/springframework/plugin/spring-plugin-core/2.0.0.RELEASE/spring-plugin-core-2.0.0.RELEASE.jar:/home/monishagovindharaj123/.m2/repository/org/atteo/evo-inflector/1.2.2/evo-inflector-1.2.2.jar:/home/monishagovindharaj123/.m2/repository/com/fasterxml/jackson/core/jackson-databind/2.10.3/jackson-databind-2.10.3.jar:/home/monishagovindharaj123/.m2/repository/com/fasterxml/jackson/core/jackson-core/2.10.3/jackson-core-2.10.3.jar:/home/monishagovindharaj123/.m2/repository/com/fasterxml/jackson/core/jackson-annotations/2.10.3/jackson-annotations-2.10.3.jar:/home/monishagovindharaj123/.m2/repository/org/springframework/boot/spring-boot-starter-data-jpa/2.2.6.RELEASE/spring-boot-starter-data-jpa-2.2.6.RELEASE.jar:/home/monishagovindharaj123/.m2/repository/org/springframework/boot/spring-boot-starter-aop/2.2.6.RELEASE/spring-boot-starter-aop-2.2.6.RELEASE.jar:/home/monishagovindharaj123/.m2/repository/org/springframework/spring-aop/5.2.5.RELEASE/spring-aop-5.2.5.RELEASE.jar:/home/monishagovindharaj123/.m2/repository/org/aspectj/aspectjweaver/1.9.5/aspectjweaver-1.9.5.jar:/home/monishagovindharaj123/.m2/repository/org/springframework/boot/spring-boot-starter-jdbc/2.2.6.RELEASE/spring-boot-starter-jdbc-2.2.6.RELEASE.jar:/home/monishagovindharaj123/.m2/repository/com/zaxxer/HikariCP/3.4.2/HikariCP-3.4.2.jar:/home/monishagovindharaj123/.m2/repository/org/springframework/spring-jdbc/5.2.5.RELEASE/spring-jdbc-5.2.5.RELEASE.jar:/home/monishagovindharaj123/.m2/repository/jakarta/activation/jakarta.activation-api/1.2.2/jakarta.activation-api-1.2.2.jar:/home/monishagovindharaj123/.m2/repository/jakarta/persistence/jakarta.persistence-api/2.2.3/jakarta.persistence-api-2.2.3.jar:/home/monishagovindharaj123/.m2/repository/jakarta/transaction/jakarta.transaction-api/1.3.3/jakarta.transaction-api-1.3.3.jar:/home/monishagovindharaj123/.m2/repository/org/hibernate/hibernate-core/5.4.12.Final/hibernate-core-5.4.12.Final.jar:/home/monishagovindharaj123/.m2/repository/org/jboss/logging/jboss-logging/3.4.1.Final/jboss-logging-3.4.1.Final.jar:/home/monishagovindharaj123/.m2/repository/org/javassist/javassist/3.24.0-GA/javassist-3.24.0-GA.jar:/home/monishagovindharaj123/.m2/repository/net/bytebuddy/byte-buddy/1.10.8/byte-buddy-1.10.8.jar:/home/monishagovindharaj123/.m2/repository/antlr/antlr/2.7.7/antlr-2.7.7.jar:/home/monishagovindharaj123/.m2/repository/org/jboss/jandex/2.1.1.Final/jandex-2.1.1.Final.jar:/home/monishagovindharaj123/.m2/repository/com/fasterxml/classmate/1.5.1/classmate-1.5.1.jar:/home/monishagovindharaj123/.m2/repository/org/dom4j/dom4j/2.1.1/dom4j-2.1.1.jar:/home/monishagovindharaj123/.m2/repository/org/hibernate/common/hibernate-commons-annotations/5.1.0.Final/hibernate-commons-annotations-5.1.0.Final.jar:/home/monishagovindharaj123/.m2/repository/org/glassfish/jaxb/jaxb-runtime/2.3.2/jaxb-runtime-2.3.2.jar:/home/monishagovindharaj123/.m2/repository/org/glassfish/jaxb/txw2/2.3.2/txw2-2.3.2.jar:/home/monishagovindharaj123/.m2/repository/com/sun/istack/istack-commons-runtime/3.0.8/istack-commons-runtime-3.0.8.jar:/home/monishagovindharaj123/.m2/repository/org/jvnet/staxex/stax-ex/1.8.1/stax-ex-1.8.1.jar:/home/monishagovindharaj123/.m2/repository/com/sun/xml/fastinfoset/FastInfoset/1.2.16/FastInfoset-1.2.16.jar:/home/monishagovindharaj123/.m2/repository/org/springframework/data/spring-data-jpa/2.2.6.RELEASE/spring-data-jpa-2.2.6.RELEASE.jar:/home/monishagovindharaj123/.m2/repository/org/springframework/data/spring-data-commons/2.2.6.RELEASE/spring-data-commons-2.2.6.RELEASE.jar:/home/monishagovindharaj123/.m2/repository/org/springframework/spring-orm/5.2.5.RELEASE/spring-orm-5.2.5.RELEASE.jar:/home/monishagovindharaj123/.m2/repository/org/springframework/spring-context/5.2.5.RELEASE/spring-context-5.2.5.RELEASE.jar:/home/monishagovindharaj123/.m2/repository/org/springframework/spring-tx/5.2.5.RELEASE/spring-tx-5.2.5.RELEASE.jar:/home/monishagovindharaj123/.m2/repository/org/springframework/spring-beans/5.2.5.RELEASE/spring-beans-5.2.5.RELEASE.jar:/home/monishagovindharaj123/.m2/repository/org/springframework/spring-aspects/5.2.5.RELEASE/spring-aspects-5.2.5.RELEASE.jar:/home/monishagovindharaj123/.m2/repository/org/springframework/boot/spring-boot-starter-test/2.2.6.RELEASE/spring-boot-starter-test-2.2.6.RELEASE.jar:/home/monishagovindharaj123/.m2/repository/org/springframework/boot/spring-boot-starter/2.2.6.RELEASE/spring-boot-starter-2.2.6.RELEASE.jar:/home/monishagovindharaj123/.m2/repository/org/springframework/boot/spring-boot/2.2.6.RELEASE/spring-boot-2.2.6.RELEASE.jar:/home/monishagovindharaj123/.m2/repository/org/springframework/boot/spring-boot-autoconfigure/2.2.6.RELEASE/spring-boot-autoconfigure-2.2.6.RELEASE.jar:/home/monishagovindharaj123/.m2/repository/org/springframework/boot/spring-boot-starter-logging/2.2.6.RELEASE/spring-boot-starter-logging-2.2.6.RELEASE.jar:/home/monishagovindharaj123/.m2/repository/ch/qos/logback/logback-classic/1.2.3/logback-classic-1.2.3.jar:/home/monishagovindharaj123/.m2/repository/ch/qos/logback/logback-core/1.2.3/logback-core-1.2.3.jar:/home/monishagovindharaj123/.m2/repository/org/apache/logging/log4j/log4j-to-slf4j/2.12.1/log4j-to-slf4j-2.12.1.jar:/home/monishagovindharaj123/.m2/repository/org/apache/logging/log4j/log4j-api/2.12.1/log4j-api-2.12.1.jar:/home/monishagovindharaj123/.m2/repository/org/slf4j/jul-to-slf4j/1.7.30/jul-to-slf4j-1.7.30.jar:/home/monishagovindharaj123/.m2/repository/jakarta/annotation/jakarta.annotation-api/1.3.5/jakarta.annotation-api-1.3.5.jar:/home/monishagovindharaj123/.m2/repository/org/yaml/snakeyaml/1.25/snakeyaml-1.25.jar:/home/monishagovindharaj123/.m2/repository/org/springframework/boot/spring-boot-test/2.2.6.RELEASE/spring-boot-test-2.2.6.RELEASE.jar:/home/monishagovindharaj123/.m2/repository/org/springframework/boot/spring-boot-test-autoconfigure/2.2.6.RELEASE/spring-boot-test-autoconfigure-2.2.6.RELEASE.jar:/home/monishagovindharaj123/.m2/repository/com/jayway/jsonpath/json-path/2.4.0/json-path-2.4.0.jar:/home/monishagovindharaj123/.m2/repository/net/minidev/json-smart/2.3/json-smart-2.3.jar:/home/monishagovindharaj123/.m2/repository/net/minidev/accessors-smart/1.2/accessors-smart-1.2.jar:/home/monishagovindharaj123/.m2/repository/jakarta/xml/bind/jakarta.xml.bind-api/2.3.3/jakarta.xml.bind-api-2.3.3.jar:/home/monishagovindharaj123/.m2/repository/org/junit/jupiter/junit-jupiter/5.5.2/junit-jupiter-5.5.2.jar:/home/monishagovindharaj123/.m2/repository/org/junit/jupiter/junit-jupiter-api/5.5.2/junit-jupiter-api-5.5.2.jar:/home/monishagovindharaj123/.m2/repository/org/opentest4j/opentest4j/1.2.0/opentest4j-1.2.0.jar:/home/monishagovindharaj123/.m2/repository/org/junit/platform/junit-platform-commons/1.5.2/junit-platform-commons-1.5.2.jar:/home/monishagovindharaj123/.m2/repository/org/junit/jupiter/junit-jupiter-params/5.5.2/junit-jupiter-params-5.5.2.jar:/home/monishagovindharaj123/.m2/repository/org/junit/jupiter/junit-jupiter-engine/5.5.2/junit-jupiter-engine-5.5.2.jar:/home/monishagovindharaj123/.m2/repository/org/junit/vintage/junit-vintage-engine/5.5.2/junit-vintage-engine-5.5.2.jar:/home/monishagovindharaj123/.m2/repository/org/apiguardian/apiguardian-api/1.1.0/apiguardian-api-1.1.0.jar:/home/monishagovindharaj123/.m2/repository/org/junit/platform/junit-platform-engine/1.5.2/junit-platform-engine-1.5.2.jar:/home/monishagovindharaj123/.m2/repository/junit/junit/4.12/junit-4.12.jar:/home/monishagovindharaj123/.m2/repository/org/mockito/mockito-junit-jupiter/3.1.0/mockito-junit-jupiter-3.1.0.jar:/home/monishagovindharaj123/.m2/repository/org/assertj/assertj-core/3.13.2/assertj-core-3.13.2.jar:/home/monishagovindharaj123/.m2/repository/org/hamcrest/hamcrest/2.1/hamcrest-2.1.jar:/home/monishagovindharaj123/.m2/repository/org/mockito/mockito-core/3.1.0/mockito-core-3.1.0.jar:/home/monishagovindharaj123/.m2/repository/net/bytebuddy/byte-buddy-agent/1.10.8/byte-buddy-agent-1.10.8.jar:/home/monishagovindharaj123/.m2/repository/org/objenesis/objenesis/2.6/objenesis-2.6.jar:/home/monishagovindharaj123/.m2/repository/org/skyscreamer/jsonassert/1.5.0/jsonassert-1.5.0.jar:/home/monishagovindharaj123/.m2/repository/com/vaadin/external/google/android-json/0.0.20131108.vaadin1/android-json-0.0.20131108.vaadin1.jar:/home/monishagovindharaj123/.m2/repository/org/springframework/spring-core/5.2.5.RELEASE/spring-core-5.2.5.RELEASE.jar:/home/monishagovindharaj123/.m2/repository/org/springframework/spring-jcl/5.2.5.RELEASE/spring-jcl-5.2.5.RELEASE.jar:/home/monishagovindharaj123/.m2/repository/org/springframework/spring-test/5.2.5.RELEASE/spring-test-5.2.5.RELEASE.jar:/home/monishagovindharaj123/.m2/repository/org/xmlunit/xmlunit-core/2.6.4/xmlunit-core-2.6.4.jar:/home/monishagovindharaj123/.m2/repository/mysql/mysql-connector-java/8.0.19/mysql-connector-java-8.0.19.jar:/home/monishagovindharaj123/.m2/repository/org/springframework/cloud/spring-cloud-gcp-starter/1.2.8.RELEASE/spring-cloud-gcp-starter-1.2.8.RELEASE.jar:/home/monishagovindharaj123/.m2/repository/org/springframework/cloud/spring-cloud-gcp-core/1.2.8.RELEASE/spring-cloud-gcp-core-1.2.8.RELEASE.jar:/home/monishagovindharaj123/.m2/repository/com/google/cloud/google-cloud-core/1.94.0/google-cloud-core-1.94.0.jar:/home/monishagovindharaj123/.m2/repository/com/google/guava/guava/30.0-android/guava-30.0-android.jar:/home/monishagovindharaj123/.m2/repository/com/google/guava/failureaccess/1.0.1/failureaccess-1.0.1.jar:/home/monishagovindharaj123/.m2/repository/com/google/guava/listenablefuture/9999.0-empty-to-avoid-conflict-with-guava/listenablefuture-9999.0-empty-to-avoid-conflict-with-guava.jar:/home/monishagovindharaj123/.m2/repository/org/checkerframework/checker-compat-qual/2.5.5/checker-compat-qual-2.5.5.jar:/home/monishagovindharaj123/.m2/repository/com/google/errorprone/error_prone_annotations/2.3.4/error_prone_annotations-2.3.4.jar:/home/monishagovindharaj123/.m2/repository/com/google/j2objc/j2objc-annotations/1.3/j2objc-annotations-1.3.jar:/home/monishagovindharaj123/.m2/repository/com/google/api/gax/1.60.0/gax-1.60.0.jar:/home/monishagovindharaj123/.m2/repository/io/opencensus/opencensus-api/0.24.0/opencensus-api-0.24.0.jar:/home/monishagovindharaj123/.m2/repository/com/google/auto/value/auto-value-annotations/1.7.4/auto-value-annotations-1.7.4.jar:/home/monishagovindharaj123/.m2/repository/com/google/protobuf/protobuf-java-util/3.13.0/protobuf-java-util-3.13.0.jar:/home/monishagovindharaj123/.m2/repository/com/google/code/gson/gson/2.8.6/gson-2.8.6.jar:/home/monishagovindharaj123/.m2/repository/com/google/api/grpc/proto-google-common-protos/2.0.1/proto-google-common-protos-2.0.1.jar:/home/monishagovindharaj123/.m2/repository/com/google/api/grpc/proto-google-iam-v1/1.0.3/proto-google-iam-v1-1.0.3.jar:/home/monishagovindharaj123/.m2/repository/org/threeten/threetenbp/1.5.0/threetenbp-1.5.0.jar:/home/monishagovindharaj123/.m2/repository/com/google/api/api-common/1.10.1/api-common-1.10.1.jar:/home/monishagovindharaj123/.m2/repository/com/google/auth/google-auth-library-credentials/0.22.0/google-auth-library-credentials-0.22.0.jar:/home/monishagovindharaj123/.m2/repository/com/google/auth/google-auth-library-oauth2-http/0.22.0/google-auth-library-oauth2-http-0.22.0.jar:/home/monishagovindharaj123/.m2/repository/com/google/http-client/google-http-client/1.38.0/google-http-client-1.38.0.jar:/home/monishagovindharaj123/.m2/repository/org/apache/httpcomponents/httpclient/4.5.12/httpclient-4.5.12.jar:/home/monishagovindharaj123/.m2/repository/commons-codec/commons-codec/1.13/commons-codec-1.13.jar:/home/monishagovindharaj123/.m2/repository/org/apache/httpcomponents/httpcore/4.4.13/httpcore-4.4.13.jar:/home/monishagovindharaj123/.m2/repository/io/opencensus/opencensus-contrib-http-util/0.24.0/opencensus-contrib-http-util-0.24.0.jar:/home/monishagovindharaj123/.m2/repository/com/google/http-client/google-http-client-jackson2/1.38.0/google-http-client-jackson2-1.38.0.jar:/home/monishagovindharaj123/.m2/repository/com/google/protobuf/protobuf-java/3.13.0/protobuf-java-3.13.0.jar:/home/monishagovindharaj123/.m2/repository/com/google/code/findbugs/jsr305/3.0.2/jsr305-3.0.2.jar:/home/monishagovindharaj123/.m2/repository/org/springframework/cloud/spring-cloud-gcp-autoconfigure/1.2.8.RELEASE/spring-cloud-gcp-autoconfigure-1.2.8.RELEASE.jar:/home/monishagovindharaj123/.m2/repository/org/slf4j/slf4j-api/1.7.30/slf4j-api-1.7.30.jar:/home/monishagovindharaj123/.m2/repository/org/springframework/cloud/spring-cloud-gcp-starter-sql-mysql/1.2.8.RELEASE/spring-cloud-gcp-starter-sql-mysql-1.2.8.RELEASE.jar:/home/monishagovindharaj123/.m2/repository/com/google/cloud/sql/mysql-socket-factory/1.2.1/mysql-socket-factory-1.2.1.jar:/home/monishagovindharaj123/.m2/repository/com/google/cloud/sql/jdbc-socket-factory-core/1.2.1/jdbc-socket-factory-core-1.2.1.jar:/home/monishagovindharaj123/.m2/repository/com/google/apis/google-api-services-sqladmin/v1beta4-rev20210119-1.31.0/google-api-services-sqladmin-v1beta4-rev20210119-1.31.0.jar:/home/monishagovindharaj123/.m2/repository/com/google/api-client/google-api-client/1.31.1/google-api-client-1.31.1.jar:/home/monishagovindharaj123/.m2/repository/com/google/oauth-client/google-oauth-client/1.31.2/google-oauth-client-1.31.2.jar:/home/monishagovindharaj123/.m2/repository/com/google/http-client/google-http-client-apache-v2/1.38.0/google-http-client-apache-v2-1.38.0.jar:/home/monishagovindharaj123/.m2/repository/com/github/jnr/jnr-unixsocket/0.38.5/jnr-unixsocket-0.38.5.jar:/home/monishagovindharaj123/.m2/repository/com/github/jnr/jnr-ffi/2.2.1/jnr-ffi-2.2.1.jar:/home/monishagovindharaj123/.m2/repository/com/github/jnr/jffi/1.3.1/jffi-1.3.1.jar:/home/monishagovindharaj123/.m2/repository/com/github/jnr/jffi/1.3.1/jffi-1.3.1-native.jar:/home/monishagovindharaj123/.m2/repository/org/ow2/asm/asm-commons/9.0/asm-commons-9.0.jar:/home/monishagovindharaj123/.m2/repository/com/github/jnr/jnr-a64asm/1.0.0/jnr-a64asm-1.0.0.jar:/home/monishagovindharaj123/.m2/repository/com/github/jnr/jnr-x86asm/1.0.2/jnr-x86asm-1.0.2.jar:/home/monishagovindharaj123/.m2/repository/com/github/jnr/jnr-constants/0.10.1/jnr-constants-0.10.1.jar:/home/monishagovindharaj123/.m2/repository/com/github/jnr/jnr-enxio/0.32.3/jnr-enxio-0.32.3.jar:/home/monishagovindharaj123/.m2/repository/com/github/jnr/jnr-posix/3.1.4/jnr-posix-3.1.4.jar:/home/monishagovindharaj123/.m2/repository/org/ow2/asm/asm-util/9.1/asm-util-9.1.jar:/home/monishagovindharaj123/.m2/repository/org/ow2/asm/asm/9.1/asm-9.1.jar:/home/monishagovindharaj123/.m2/repository/org/ow2/asm/asm-tree/9.1/asm-tree-9.1.jar:/home/monishagovindharaj123/.m2/repository/org/ow2/asm/asm-analysis/9.1/asm-analysis-9.1.jar:/home/monishagovindharaj123/.m2/repository/org/springframework/cloud/spring-cloud-gcp-starter-secretmanager/1.2.2.RELEASE/spring-cloud-gcp-starter-secretmanager-1.2.2.RELEASE.jar:/home/monishagovindharaj123/.m2/repository/org/springframework/cloud/spring-cloud-context/2.2.2.RELEASE/spring-cloud-context-2.2.2.RELEASE.jar:/home/monishagovindharaj123/.m2/repository/org/springframework/security/spring-security-crypto/5.2.2.RELEASE/spring-security-crypto-5.2.2.RELEASE.jar:/home/monishagovindharaj123/.m2/repository/org/springframework/cloud/spring-cloud-gcp-secretmanager/1.2.2.RELEASE/spring-cloud-gcp-secretmanager-1.2.2.RELEASE.jar:/home/monishagovindharaj123/.m2/repository/com/google/cloud/google-cloud-secretmanager/0.2.1/google-cloud-secretmanager-0.2.1.jar:/home/monishagovindharaj123/.m2/repository/io/grpc/grpc-api/1.27.0/grpc-api-1.27.0.jar:/home/monishagovindharaj123/.m2/repository/io/grpc/grpc-context/1.27.0/grpc-context-1.27.0.jar:/home/monishagovindharaj123/.m2/repository/org/codehaus/mojo/animal-sniffer-annotations/1.18/animal-sniffer-annotations-1.18.jar:/home/monishagovindharaj123/.m2/repository/io/grpc/grpc-stub/1.27.0/grpc-stub-1.27.0.jar:/home/monishagovindharaj123/.m2/repository/io/grpc/grpc-protobuf/1.27.0/grpc-protobuf-1.27.0.jar:/home/monishagovindharaj123/.m2/repository/io/grpc/grpc-protobuf-lite/1.27.0/grpc-protobuf-lite-1.27.0.jar:/home/monishagovindharaj123/.m2/repository/com/google/api/grpc/proto-google-cloud-secretmanager-v1beta1/0.2.1/proto-google-cloud-secretmanager-v1beta1-0.2.1.jar:/home/monishagovindharaj123/.m2/repository/com/google/api/gax-grpc/1.53.1/gax-grpc-1.53.1.jar:/home/monishagovindharaj123/.m2/repository/io/grpc/grpc-auth/1.27.0/grpc-auth-1.27.0.jar:/home/monishagovindharaj123/.m2/repository/io/grpc/grpc-netty-shaded/1.27.0/grpc-netty-shaded-1.27.0.jar:/home/monishagovindharaj123/.m2/repository/io/grpc/grpc-core/1.27.0/grpc-core-1.27.0.jar:/home/monishagovindharaj123/.m2/repository/com/google/android/annotations/4.1.1.4/annotations-4.1.1.4.jar:/home/monishagovindharaj123/.m2/repository/io/perfmark/perfmark-api/0.19.0/perfmark-api-0.19.0.jar:/home/monishagovindharaj123/.m2/repository/io/grpc/grpc-alts/1.27.0/grpc-alts-1.27.0.jar:/home/monishagovindharaj123/.m2/repository/io/grpc/grpc-grpclb/1.27.0/grpc-grpclb-1.27.0.jar:/home/monishagovindharaj123/.m2/repository/org/apache/commons/commons-lang3/3.9/commons-lang3-3.9.jar:/home/monishagovindharaj123/.m2/repository/org/conscrypt/conscrypt-openjdk-uber/2.2.1/conscrypt-openjdk-uber-2.2.1.jar:/home/monishagovindharaj123/.m2/repository/javax/annotation/javax.annotation-api/1.3.2/javax.annotation-api-1.3.2.jar:"/>
    <property name="sun.cpu.endian" value="little"/>
    <property name="user.home" value="/home/monishagovindharaj123"/>
    <property name="user.language" value="en"/>
    <property name="java.specification.vendor" value="Oracle Corporation"/>
    <property name="java.version.date" value="2024-01-16"/>
    <property name="java.home" value="/usr/lib/jvm/java-17-openjdk-amd64"/>
    <property name="file.separator" value="/"/>
    <property name="basedir" value="/home/monishagovindharaj123/InventoryManagement"/>
    <property name="java.vm.compressedOopsMode" value="Zero based"/>
    <property name="line.separator" value="&#10;"/>
    <property name="java.vm.specification.vendor" value="Oracle Corporation"/>
    <property name="java.specification.name" value="Java Platform API Specification"/>
    <property name="surefire.real.class.path" value="/home/monishagovindharaj123/InventoryManagement/target/surefire/surefirebooter3378453568249145323.jar"/>
    <property name="sun.management.compiler" value="HotSpot 64-Bit Tiered Compilers"/>
    <property name="java.runtime.version" value="17.0.10+7-Debian-1deb11u1"/>
    <property name="user.name" value="monishagovindharaj123"/>
    <property name="path.separator" value=":"/>
    <property name="os.version" value="6.1.75+"/>
    <property name="java.runtime.name" value="OpenJDK Runtime Environment"/>
    <property name="file.encoding" value="UTF-8"/>
    <property name="java.vm.name" value="OpenJDK 64-Bit Server VM"/>
    <property name="localRepository" value="/home/monishagovindharaj123/.m2/repository"/>
    <property name="java.vendor.url.bug" value="https://bugs.debian.org/openjdk-17"/>
    <property name="java.io.tmpdir" value="/tmp"/>
    <property name="java.version" value="17.0.10"/>
    <property name="user.dir" value="/home/monishagovindharaj123/InventoryManagement"/>
    <property name="os.arch" value="amd64"/>
    <property name="java.vm.specification.name" value="Java Virtual Machine Specification"/>
    <property name="native.encoding" value="UTF-8"/>
    <property name="java.library.path" value="/usr/java/packages/lib:/usr/lib/x86_64-linux-gnu/jni:/lib/x86_64-linux-gnu:/usr/lib/x86_64-linux-gnu:/usr/lib/jni:/lib:/usr/lib"/>
    <property name="java.vm.info" value="mixed mode, sharing"/>
    <property name="java.vendor" value="Debian"/>
    <property name="java.vm.version" value="17.0.10+7-Debian-1deb11u1"/>
    <property name="sun.io.unicode.encoding" value="UnicodeLittle"/>
    <property name="java.class.version" value="61.0"/>
  </properties>
  <testcase name="contextLoads" classname="com.gcp.springboot.inventorymanagement.InventorymanagementApplicationTests" time="0.163"/>
</testsuite>